[0.026s] Invoking command in '/home/mr/ros2_ws/src/build/my_cpp_pkg': CMAKE_PREFIX_PATH=${CMAKE_PREFIX_PATH}:/home/mr/ros2_ws/install/my_py_pkg:/opt/ros/jazzy DEBUGINFOD_URLS=https://debuginfod.ubuntu.com /usr/bin/cmake /home/mr/ros2_ws/src/my_cpp_pkg -DCMAKE_INSTALL_PREFIX=/home/mr/ros2_ws/src/install/my_cpp_pkg
[1.328s] -- The C compiler identification is GNU 13.3.0
[2.275s] -- The CXX compiler identification is GNU 13.3.0
[2.962s] -- Detecting C compiler ABI info
[4.031s] -- Detecting C compiler ABI info - done
[4.116s] -- Check for working C compiler: /usr/bin/cc - skipped
[4.116s] -- Detecting C compile features
[4.116s] -- Detecting C compile features - done
[4.413s] -- Detecting CXX compiler ABI info
[5.585s] -- Detecting CXX compiler ABI info - done
[5.739s] -- Check for working CXX compiler: /usr/bin/c++ - skipped
[5.739s] -- Detecting CXX compile features
[5.750s] -- Detecting CXX compile features - done
[5.823s] -- Found ament_cmake: 2.5.4 (/opt/ros/jazzy/share/ament_cmake/cmake)
[6.309s] -- Found Python3: /usr/bin/python3 (found version "3.12.3") found components: Interpreter 
[7.368s] -- Found rclcpp: 28.1.13 (/opt/ros/jazzy/share/rclcpp/cmake)
[7.551s] -- Found rosidl_generator_c: 4.6.6 (/opt/ros/jazzy/share/rosidl_generator_c/cmake)
[7.589s] -- Found rosidl_generator_cpp: 4.6.6 (/opt/ros/jazzy/share/rosidl_generator_cpp/cmake)
[7.637s] -- Using all available rosidl_typesupport_c: rosidl_typesupport_fastrtps_c;rosidl_typesupport_introspection_c
[7.684s] -- Using all available rosidl_typesupport_cpp: rosidl_typesupport_fastrtps_cpp;rosidl_typesupport_introspection_cpp
[7.883s] -- Found rmw_implementation_cmake: 7.3.2 (/opt/ros/jazzy/share/rmw_implementation_cmake/cmake)
[7.888s] -- Found rmw_fastrtps_cpp: 8.4.3 (/opt/ros/jazzy/share/rmw_fastrtps_cpp/cmake)
[9.193s] -- Found OpenSSL: /usr/lib/x86_64-linux-gnu/libcrypto.so (found version "3.0.13")  
[9.387s] -- Found FastRTPS: /opt/ros/jazzy/include (Required is at least version "2.13") 
[9.426s] -- Using RMW implementation 'rmw_fastrtps_cpp' as default
[9.761s] -- Configuring done (9.7s)
[9.791s] -- Generating done (0.0s)
[9.800s] -- Build files have been written to: /home/mr/ros2_ws/src/build/my_cpp_pkg
[9.820s] Invoked command in '/home/mr/ros2_ws/src/build/my_cpp_pkg' returned '0': CMAKE_PREFIX_PATH=${CMAKE_PREFIX_PATH}:/home/mr/ros2_ws/install/my_py_pkg:/opt/ros/jazzy DEBUGINFOD_URLS=https://debuginfod.ubuntu.com /usr/bin/cmake /home/mr/ros2_ws/src/my_cpp_pkg -DCMAKE_INSTALL_PREFIX=/home/mr/ros2_ws/src/install/my_cpp_pkg
[9.824s] Invoking command in '/home/mr/ros2_ws/src/build/my_cpp_pkg': CMAKE_PREFIX_PATH=${CMAKE_PREFIX_PATH}:/home/mr/ros2_ws/install/my_py_pkg:/opt/ros/jazzy DEBUGINFOD_URLS=https://debuginfod.ubuntu.com /usr/bin/cmake --build /home/mr/ros2_ws/src/build/my_cpp_pkg -- -j10 -l10
[11.140s] [ 50%] [32mBuilding CXX object CMakeFiles/cpp_node.dir/src/my_first_node.cpp.o[0m
[15.327s] [01m[K/home/mr/ros2_ws/src/my_cpp_pkg/src/my_first_node.cpp:[m[K In function â€˜[01m[Kint[01;32m[K main[m[K(int, char**)[m[Kâ€™:
[15.327s] [01m[K/home/mr/ros2_ws/src/my_cpp_pkg/src/my_first_node.cpp:6:40:[m[K [01;31m[Kerror: [m[Kfound â€˜[01m[K:[m[Kâ€™ in nested-name-specifier, expected â€˜[01m[K::[m[Kâ€™
[15.327s]     6 |     auto node = std::make_shared<rclcpp[01;31m[K:[m[KNode>();
[15.327s]       |                                        [01;31m[K^[m[K
[15.327s]       |                                        [32m[K::[m[K
[16.299s] In file included from [01m[K/usr/include/c++/13/bits/stl_tempbuf.h:61[m[K,
[16.299s]                  from [01m[K/usr/include/c++/13/memory:66[m[K,
[16.301s]                  from [01m[K/opt/ros/jazzy/include/rclcpp/rclcpp/rclcpp.hpp:169[m[K,
[16.302s]                  from [01m[K/home/mr/ros2_ws/src/my_cpp_pkg/src/my_first_node.cpp:1[m[K:
[16.304s] /usr/include/c++/13/bits/stl_construct.h: In instantiation of â€˜[01m[Kvoid std::[01;32m[K_Construct[m[K(_Tp*, _Args&& ...) [35m[K[with _Tp = rclcpp::Node; _Args = {}][m[K[m[Kâ€™:
[16.304s] [01m[K/usr/include/c++/13/bits/alloc_traits.h:661:19:[m[K   required from â€˜[01m[Kstatic void std::allocator_traits<std::allocator<void> >::[01;32m[Kconstruct[m[K(allocator_type&, _Up*, _Args&& ...) [35m[K[with _Up = rclcpp::Node; _Args = {}; allocator_type = std::allocator<void>][m[K[m[Kâ€™
[16.304s] [01m[K/usr/include/c++/13/bits/shared_ptr_base.h:604:39:[m[K   required from â€˜[01m[Kstd::_Sp_counted_ptr_inplace<_Tp, _Alloc, _Lp>::[01;32m[K_Sp_counted_ptr_inplace[m[K(_Alloc, _Args&& ...) [35m[K[with _Args = {}; _Tp = rclcpp::Node; _Alloc = std::allocator<void>; __gnu_cxx::_Lock_policy _Lp = __gnu_cxx::_S_atomic][m[K[m[Kâ€™
[16.305s] [01m[K/usr/include/c++/13/bits/shared_ptr_base.h:971:16:[m[K   required from â€˜[01m[Kstd::__shared_count<_Lp>::[01;32m[K__shared_count[m[K(_Tp*&, std::_Sp_alloc_shared_tag<_Alloc>, _Args&& ...) [35m[K[with _Tp = rclcpp::Node; _Alloc = std::allocator<void>; _Args = {}; __gnu_cxx::_Lock_policy _Lp = __gnu_cxx::_S_atomic][m[K[m[Kâ€™
[16.305s] [01m[K/usr/include/c++/13/bits/shared_ptr_base.h:1712:14:[m[K   required from â€˜[01m[Kstd::__shared_ptr<_Tp, _Lp>::[01;32m[K__shared_ptr[m[K(std::_Sp_alloc_shared_tag<_Tp>, _Args&& ...) [35m[K[with _Alloc = std::allocator<void>; _Args = {}; _Tp = rclcpp::Node; __gnu_cxx::_Lock_policy _Lp = __gnu_cxx::_S_atomic][m[K[m[Kâ€™
[16.305s] [01m[K/usr/include/c++/13/bits/shared_ptr.h:464:59:[m[K   required from â€˜[01m[Kstd::shared_ptr<_Tp>::[01;32m[Kshared_ptr[m[K(std::_Sp_alloc_shared_tag<_Tp>, _Args&& ...) [35m[K[with _Alloc = std::allocator<void>; _Args = {}; _Tp = rclcpp::Node][m[K[m[Kâ€™
[16.305s] [01m[K/usr/include/c++/13/bits/shared_ptr.h:1009:14:[m[K   required from â€˜[01m[Kstd::shared_ptr<typename std::enable_if<(! std::is_array< <template-parameter-1-1> >::value), _Tp>::type> std::[01;32m[Kmake_shared[m[K(_Args&& ...) [35m[K[with _Tp = rclcpp::Node; _Args = {}; typename enable_if<(! is_array< <template-parameter-1-1> >::value), _Tp>::type = rclcpp::Node][m[K[m[Kâ€™
[16.305s] [01m[K/home/mr/ros2_ws/src/my_cpp_pkg/src/my_first_node.cpp:6:46:[m[K   required from here
[16.375s] [01m[K/usr/include/c++/13/bits/stl_construct.h:119:7:[m[K [01;31m[Kerror: [m[Kno matching function for call to â€˜[01m[Krclcpp::Node::Node()[m[Kâ€™
[16.438s]   119 |       [01;31m[K::new((void*)__p) _Tp(std::forward<_Args>(__args)...)[m[K;
[16.445s]       |       [01;31m[K^~~~~~~~~~~~~~~~~~~~~~~~~~~~~~~~~~~~~~~~~~~~~~~~~~~~~[m[K
[16.445s] In file included from [01m[K/opt/ros/jazzy/include/rclcpp/rclcpp/executors/single_threaded_executor.hpp:28[m[K,
[16.445s]                  from [01m[K/opt/ros/jazzy/include/rclcpp/rclcpp/executors.hpp:22[m[K,
[16.445s]                  from [01m[K/opt/ros/jazzy/include/rclcpp/rclcpp/rclcpp.hpp:172[m[K:
[16.445s] [01m[K/opt/ros/jazzy/include/rclcpp/rclcpp/node.hpp:1629:3:[m[K [01;36m[Knote: [m[Kcandidate: â€˜[01m[Krclcpp::Node::[01;32m[KNode[m[K(const rclcpp::Node&, const std::string&)[m[Kâ€™
[16.455s]  1629 |   [01;36m[KNode[m[K(
[16.459s]       |   [01;36m[K^~~~[m[K
[16.459s] [01m[K/opt/ros/jazzy/include/rclcpp/rclcpp/node.hpp:1629:3:[m[K [01;36m[Knote: [m[K  candidate expects 2 arguments, 0 provided
[16.459s] [01m[K/opt/ros/jazzy/include/rclcpp/rclcpp/node.hpp:103:12:[m[K [01;36m[Knote: [m[Kcandidate: â€˜[01m[Krclcpp::Node::[01;32m[KNode[m[K(const std::string&, const std::string&, const rclcpp::NodeOptions&)[m[Kâ€™
[16.459s]   103 |   explicit [01;36m[KNode[m[K(
[16.465s]       |            [01;36m[K^~~~[m[K
[16.466s] [01m[K/opt/ros/jazzy/include/rclcpp/rclcpp/node.hpp:103:12:[m[K [01;36m[Knote: [m[K  candidate expects 3 arguments, 0 provided
[16.466s] [01m[K/opt/ros/jazzy/include/rclcpp/rclcpp/node.hpp:91:12:[m[K [01;36m[Knote: [m[Kcandidate: â€˜[01m[Krclcpp::Node::[01;32m[KNode[m[K(const std::string&, const rclcpp::NodeOptions&)[m[Kâ€™
[16.466s]    91 |   explicit [01;36m[KNode[m[K(
[16.466s]       |            [01;36m[K^~~~[m[K
[16.466s] [01m[K/opt/ros/jazzy/include/rclcpp/rclcpp/node.hpp:91:12:[m[K [01;36m[Knote: [m[K  candidate expects 2 arguments, 0 provided
[16.678s] gmake[2]: *** [CMakeFiles/cpp_node.dir/build.make:76: CMakeFiles/cpp_node.dir/src/my_first_node.cpp.o] Error 1
[16.678s] gmake[1]: *** [CMakeFiles/Makefile2:137: CMakeFiles/cpp_node.dir/all] Error 2
[16.680s] gmake: *** [Makefile:146: all] Error 2
[16.691s] Invoked command in '/home/mr/ros2_ws/src/build/my_cpp_pkg' returned '2': CMAKE_PREFIX_PATH=${CMAKE_PREFIX_PATH}:/home/mr/ros2_ws/install/my_py_pkg:/opt/ros/jazzy DEBUGINFOD_URLS=https://debuginfod.ubuntu.com /usr/bin/cmake --build /home/mr/ros2_ws/src/build/my_cpp_pkg -- -j10 -l10
